('102, HOMICIDE-NEGLIGENT-VEHICLE', 84)
('103, HOMICIDE-NEGLIGENT,UNCLASSIFIE', 33)
('105, ROBBERY', 208313)
('106, FELONY ASSAULT', 200994)
('107, BURGLARY', 201644)
('109, GRAND LARCENY', 456326)
('110, GRAND LARCENY OF MOTOR VEHICLE', 105101)
('111, POSSESSION OF STOLEN PROPERTY', 9549)
('112, THEFT-FRAUD', 58031)
('113, FORGERY', 53950)
('114, ARSON', 14462)
('115, PROSTITUTION & RELATED OFFENSES', 54)
('116, SEX CRIMES', 28)
('117, DANGEROUS DRUGS', 66146)
('118, DANGEROUS WEAPONS', 54873)
('119, INTOXICATED/IMPAIRED DRIVING', 41)
('120, CHILD ABANDONMENT/NON SUPPORT', 378)
('120, ENDAN WELFARE INCOMP', 40)
('121, CRIMINAL MISCHIEF & RELATED OF', 80478)
('122, GAMBLING', 124)
('123, ABORTION', 4)
('124, KIDNAPPING', 9)
('124, KIDNAPPING & RELATED OFFENSES', 2383)
('124, KIDNAPPING AND RELATED OFFENSES', 2)
('125, NYS LAWS-UNCLASSIFIED FELONY', 4152)
('126, MISCELLANEOUS PENAL LAW', 120982)
('230, JOSTLING', 334)
('231, "BURGLARS TOOLS"', 2684)
('232, POSSESSION OF STOLEN PROPERTY', 20892)
('233, SEX CRIMES', 48)
('234, PROSTITUTION & RELATED OFFENSES', 111)
('235, DANGEROUS DRUGS', 297283)
('236, DANGEROUS WEAPONS', 75731)
('237, ESCAPE 3', 170)
('238, FRAUDULENT ACCOSTING', 2764)
('340, FRAUDS', 33835)
('341, PETIT LARCENY', 880446)
('342, PETIT LARCENY OF MOTOR VEHICLE', 909)
('343, OTHER OFFENSES RELATED TO THEF', 11090)
('343, THEFT OF SERVICES', 3166)
('344, ASSAULT 3 & RELATED OFFENSES', 564535)
('345, ENDAN WELFARE INCOMP', 133)
('345, OFFENSES RELATED TO CHILDREN', 1435)
('346, ALCOHOLIC BEVERAGE CONTROL LAW', 840)
('347, INTOXICATED & IMPAIRED DRIVING', 73317)
('348, VEHICLE AND TRAFFIC LAWS', 58561)
('349, DISRUPTION OF A RELIGIOUS SERV', 50)
('350, GAMBLING', 2151)
('351, CRIMINAL MISCHIEF & RELATED OF', 461883)
('352, CRIMINAL TRESPASS', 68827)
('353, UNAUTHORIZED USE OF A VEHICLE', 15003)
('354, ANTICIPATORY OFFENSES', 96)
('355, OFFENSES AGAINST THE PERSON', 13057)
('356, PROSTITUTION & RELATED OFFENSES', 706)
('357, FORTUNE TELLING', 11)
('358, OFFENSES INVOLVING FRAUD', 18664)
('359, OFFENSES AGAINST PUBLIC ADMINI', 107042)
('360, LOITERING FOR DRUG PURPOSES', 23)
('361, OFF. AGNST PUB ORD SENSBLTY &', 300898)
('362, OFFENSES AGAINST MARRIAGE UNCL', 3)
('363, OFFENSES AGAINST PUBLIC SAFETY', 833)
('364, AGRICULTURE & MRKTS LAW-UNCLASSIFIED', 222)
('364, OTHER STATE LAWS NON PENAL LA', 5562)
('364, OTHER STATE LAWS NON PENAL LAW', 8)
('365, ADMINISTRATIVE CODE', 10739)
('366, NEW YORK CITY HEALTH CODE', 45)
('455, UNLAWFUL POSS. WEAP. ON SCHOOL', 62)
('460, LOITERING/DEVIATE SEX', 16)
('571, LOITERING/GAMBLING CARDS, DIC', 210)
('572, DISORDERLY CONDUCT', 860)
('577, UNDER THE INFLUENCE OF DRUGS', 3)
('578, HARRASSMENT 2', 660027)
('672, LOITERING', 14)
('675, ADMINISTRATIVE CODE', 1409)
('676, NEW YORK CITY HEALTH CODE', 33)
('677, NYS LAWS-UNCLASSIFIED VIOLATION', 20)
('677, OTHER STATE LAWS', 242)
('678, MISCELLANEOUS PENAL LAW', 8671)
('685, ADMINISTRATIVE CODES', 19)
('881, OTHER TRAFFIC INFRACTION', 10)
